  app.c
C:\Users\student\Documents\GitHub\BAC-Calculator\BAC-Calculator\app.c(42,5): error C4996: 'scanf': This function or variable may be unsafe. Consider using scanf_s instead. To disable deprecation, use _CRT_SECURE_NO_WARNINGS. See online help for details.
C:\Users\student\Documents\GitHub\BAC-Calculator\BAC-Calculator\app.c(45,5): error C4996: 'scanf': This function or variable may be unsafe. Consider using scanf_s instead. To disable deprecation, use _CRT_SECURE_NO_WARNINGS. See online help for details.
C:\Users\student\Documents\GitHub\BAC-Calculator\BAC-Calculator\app.c(48,5): error C4996: 'scanf': This function or variable may be unsafe. Consider using scanf_s instead. To disable deprecation, use _CRT_SECURE_NO_WARNINGS. See online help for details.
C:\Users\student\Documents\GitHub\BAC-Calculator\BAC-Calculator\app.c(51,5): error C4996: 'scanf': This function or variable may be unsafe. Consider using scanf_s instead. To disable deprecation, use _CRT_SECURE_NO_WARNINGS. See online help for details.
C:\Users\student\Documents\GitHub\BAC-Calculator\BAC-Calculator\app.c(54,5): error C4996: 'scanf': This function or variable may be unsafe. Consider using scanf_s instead. To disable deprecation, use _CRT_SECURE_NO_WARNINGS. See online help for details.
C:\Users\student\Documents\GitHub\BAC-Calculator\BAC-Calculator\app.c(57,5): error C4996: 'scanf': This function or variable may be unsafe. Consider using scanf_s instead. To disable deprecation, use _CRT_SECURE_NO_WARNINGS. See online help for details.
C:\Users\student\Documents\GitHub\BAC-Calculator\BAC-Calculator\app.c(60,5): error C4996: 'scanf': This function or variable may be unsafe. Consider using scanf_s instead. To disable deprecation, use _CRT_SECURE_NO_WARNINGS. See online help for details.
C:\Users\student\Documents\GitHub\BAC-Calculator\BAC-Calculator\app.c(84,5): error C4996: 'scanf': This function or variable may be unsafe. Consider using scanf_s instead. To disable deprecation, use _CRT_SECURE_NO_WARNINGS. See online help for details.
C:\Users\student\Documents\GitHub\BAC-Calculator\BAC-Calculator\app.c(89,5): error C4996: 'scanf': This function or variable may be unsafe. Consider using scanf_s instead. To disable deprecation, use _CRT_SECURE_NO_WARNINGS. See online help for details.
C:\Users\student\Documents\GitHub\BAC-Calculator\BAC-Calculator\app.c(97,5): error C4996: 'scanf': This function or variable may be unsafe. Consider using scanf_s instead. To disable deprecation, use _CRT_SECURE_NO_WARNINGS. See online help for details.
C:\Users\student\Documents\GitHub\BAC-Calculator\BAC-Calculator\app.c(109,15): error C4996: 'fopen': This function or variable may be unsafe. Consider using fopen_s instead. To disable deprecation, use _CRT_SECURE_NO_WARNINGS. See online help for details.
C:\Users\student\Documents\GitHub\BAC-Calculator\BAC-Calculator\app.c(117,15): error C4996: 'fopen': This function or variable may be unsafe. Consider using fopen_s instead. To disable deprecation, use _CRT_SECURE_NO_WARNINGS. See online help for details.
C:\Users\student\Documents\GitHub\BAC-Calculator\BAC-Calculator\app.c(144,44): warning C4244: 'return': conversion from 'float' to 'int', possible loss of data
C:\Users\student\Documents\GitHub\BAC-Calculator\BAC-Calculator\app.c(148,5): error C4996: 'scanf': This function or variable may be unsafe. Consider using scanf_s instead. To disable deprecation, use _CRT_SECURE_NO_WARNINGS. See online help for details.
  main.c
C:\Users\student\Documents\GitHub\BAC-Calculator\BAC-Calculator\main.c(22,9): error C4996: 'scanf': This function or variable may be unsafe. Consider using scanf_s instead. To disable deprecation, use _CRT_SECURE_NO_WARNINGS. See online help for details.
  system.c
C:\Users\student\Documents\GitHub\BAC-Calculator\BAC-Calculator\system.c(8,15): error C4996: 'fopen': This function or variable may be unsafe. Consider using fopen_s instead. To disable deprecation, use _CRT_SECURE_NO_WARNINGS. See online help for details.
C:\Users\student\Documents\GitHub\BAC-Calculator\BAC-Calculator\system.c(21,15): error C4996: 'fopen': This function or variable may be unsafe. Consider using fopen_s instead. To disable deprecation, use _CRT_SECURE_NO_WARNINGS. See online help for details.
C:\Users\student\Documents\GitHub\BAC-Calculator\BAC-Calculator\system.c(60,11): error C2040: 'pretrazi': 'Korisnik *(Korisnik *,int,float)' differs in levels of indirection from 'void ()'
  Generating Code...
